[debug] [2024-06-23T19:10:44.585Z] ----------------------------------------------------------------------
[debug] [2024-06-23T19:10:44.588Z] Command:       C:\Program Files\nodejs\node.exe C:\Program Files\nodejs\node_modules\firebase-tools\lib\bin\firebase.js init
[debug] [2024-06-23T19:10:44.588Z] CLI Version:   13.11.3
[debug] [2024-06-23T19:10:44.588Z] Platform:      win32
[debug] [2024-06-23T19:10:44.589Z] Node Version:  v22.0.0
[debug] [2024-06-23T19:10:44.589Z] Time:          Mon Jun 24 2024 04:10:44 GMT+0900 (Eastern Indonesia Time)
[debug] [2024-06-23T19:10:44.589Z] ----------------------------------------------------------------------
[debug] 
[debug] [2024-06-23T19:10:44.593Z] >>> [apiv2][query] GET https://firebase-public.firebaseio.com/cli.json [none]
[debug] [2024-06-23T19:10:44.702Z] > command requires scopes: ["email","openid","https://www.googleapis.com/auth/cloudplatformprojects.readonly","https://www.googleapis.com/auth/firebase","https://www.googleapis.com/auth/cloud-platform"]
[debug] [2024-06-23T19:10:44.703Z] > authorizing via signed-in user (romariomarcal11@gmail.com)
[info] 
     ######## #### ########  ######## ########     ###     ######  ########
     ##        ##  ##     ## ##       ##     ##  ##   ##  ##       ##
     ######    ##  ########  ######   ########  #########  ######  ######
     ##        ##  ##    ##  ##       ##     ## ##     ##       ## ##
     ##       #### ##     ## ######## ########  ##     ##  ######  ########

You're about to initialize a Firebase project in this directory:

  C:\Users\Romario\Documents\TELKOM UNIVERSITY\unique_portfolio

Before we get started, keep in mind:

  * You are initializing within an existing Firebase project directory

[debug] [2024-06-23T19:10:45.310Z] <<< [apiv2][status] GET https://firebase-public.firebaseio.com/cli.json 200
[debug] [2024-06-23T19:10:45.311Z] <<< [apiv2][body] GET https://firebase-public.firebaseio.com/cli.json {"cloudBuildErrorAfter":1594252800000,"cloudBuildWarnAfter":1590019200000,"defaultNode10After":1594252800000,"minVersion":"3.0.5","node8DeploysDisabledAfter":1613390400000,"node8RuntimeDisabledAfter":1615809600000,"node8WarnAfter":1600128000000}
